<?xml version="1.0" encoding="UTF-8"?>
<!-- Generated by org.testng.reporters.JUnitXMLReporter -->
<testsuite ignored="1" hostname="DESKTOP-J3QRB0N" failures="0" tests="1" name="Test" time="20.201" errors="0" timestamp="2023-01-10T12:18:28 IST">
  <testcase classname="com.ecommerce.SwagLabs.modules.TC_01" name="productnames" time="0.594"/>
  <testcase classname="com.ecommerce.SwagLabs.modules.TC_01" name="swagLabs" time="0.0">
    <ignored/>
  </testcase> <!-- swagLabs -->
</testsuite> <!-- Test -->
