<?xml version="1.0" encoding="UTF-8"?>
<testng-results ignored="1" total="2" passed="1" failed="0" skipped="0">
  <reporter-output>
  </reporter-output>
  <suite started-at="2023-01-10T12:18:08 IST" name="Suite" finished-at="2023-01-10T12:18:28 IST" duration-ms="20201">
    <groups>
      <group name="regression">
        <method signature="TC_01.productnames()[pri:0, instance:com.ecommerce.SwagLabs.modules.TC_01@6bbe85a8]" name="productnames" class="com.ecommerce.SwagLabs.modules.TC_01"/>
      </group> <!-- regression -->
    </groups>
    <test started-at="2023-01-10T12:18:08 IST" name="Test" finished-at="2023-01-10T12:18:28 IST" duration-ms="20201">
      <class name="com.ecommerce.SwagLabs.modules.TC_01">
        <test-method is-config="true" signature="launchBrowser()[pri:0, instance:com.ecommerce.SwagLabs.modules.TC_01@6bbe85a8]" started-at="2023-01-10T12:18:08 IST" name="launchBrowser" finished-at="2023-01-10T12:18:19 IST" duration-ms="11444" status="PASS">
          <reporter-output>
          </reporter-output>
        </test-method> <!-- launchBrowser -->
        <test-method is-config="true" signature="login()[pri:0, instance:com.ecommerce.SwagLabs.modules.TC_01@6bbe85a8]" started-at="2023-01-10T12:18:19 IST" name="login" finished-at="2023-01-10T12:18:26 IST" duration-ms="6922" status="PASS">
          <reporter-output>
          </reporter-output>
        </test-method> <!-- login -->
        <test-method signature="productnames()[pri:0, instance:com.ecommerce.SwagLabs.modules.TC_01@6bbe85a8]" started-at="2023-01-10T12:18:26 IST" name="productnames" finished-at="2023-01-10T12:18:27 IST" duration-ms="594" status="PASS">
          <reporter-output>
          </reporter-output>
        </test-method> <!-- productnames -->
        <test-method is-config="true" signature="logout()[pri:0, instance:com.ecommerce.SwagLabs.modules.TC_01@6bbe85a8]" started-at="2023-01-10T12:18:27 IST" name="logout" finished-at="2023-01-10T12:18:27 IST" duration-ms="338" status="PASS">
          <reporter-output>
          </reporter-output>
        </test-method> <!-- logout -->
        <test-method is-config="true" signature="closeBrowser()[pri:0, instance:com.ecommerce.SwagLabs.modules.TC_01@6bbe85a8]" started-at="2023-01-10T12:18:27 IST" name="closeBrowser" finished-at="2023-01-10T12:18:28 IST" duration-ms="783" status="PASS">
          <reporter-output>
          </reporter-output>
        </test-method> <!-- closeBrowser -->
      </class> <!-- com.ecommerce.SwagLabs.modules.TC_01 -->
    </test> <!-- Test -->
  </suite> <!-- Suite -->
</testng-results>
