<?xml version="1.0" encoding="UTF-8"?>
<testng-results ignored="0" total="2" passed="2" failed="0" skipped="0">
  <reporter-output>
  </reporter-output>
  <suite started-at="2023-01-09T21:45:08 IST" name="Default suite" finished-at="2023-01-09T21:45:20 IST" duration-ms="12081">
    <groups>
    </groups>
    <test started-at="2023-01-09T21:45:08 IST" name="Default test" finished-at="2023-01-09T21:45:20 IST" duration-ms="12081">
      <class name="com.ecommerce.SwagLabs.modules.TC_01">
        <test-method is-config="true" signature="launchBrowser()[pri:0, instance:com.ecommerce.SwagLabs.modules.TC_01@71ba6d4e]" started-at="2023-01-09T21:45:08 IST" name="launchBrowser" finished-at="2023-01-09T21:45:13 IST" duration-ms="4335" status="PASS">
          <reporter-output>
          </reporter-output>
        </test-method> <!-- launchBrowser -->
        <test-method is-config="true" signature="login()[pri:0, instance:com.ecommerce.SwagLabs.modules.TC_01@71ba6d4e]" started-at="2023-01-09T21:45:13 IST" name="login" finished-at="2023-01-09T21:45:16 IST" duration-ms="3194" status="PASS">
          <reporter-output>
          </reporter-output>
        </test-method> <!-- login -->
        <test-method signature="swagLabs()[pri:1, instance:com.ecommerce.SwagLabs.modules.TC_01@71ba6d4e]" started-at="2023-01-09T21:45:16 IST" name="swagLabs" finished-at="2023-01-09T21:45:18 IST" duration-ms="1731" status="PASS">
          <reporter-output>
          </reporter-output>
        </test-method> <!-- swagLabs -->
        <test-method is-config="true" signature="logout()[pri:0, instance:com.ecommerce.SwagLabs.modules.TC_01@71ba6d4e]" started-at="2023-01-09T21:45:18 IST" name="logout" finished-at="2023-01-09T21:45:18 IST" duration-ms="274" status="PASS">
          <reporter-output>
          </reporter-output>
        </test-method> <!-- logout -->
        <test-method is-config="true" signature="login()[pri:0, instance:com.ecommerce.SwagLabs.modules.TC_01@71ba6d4e]" started-at="2023-01-09T21:45:18 IST" name="login" finished-at="2023-01-09T21:45:19 IST" duration-ms="1550" status="PASS">
          <reporter-output>
          </reporter-output>
        </test-method> <!-- login -->
        <test-method signature="productnames()[pri:2, instance:com.ecommerce.SwagLabs.modules.TC_01@71ba6d4e]" started-at="2023-01-09T21:45:19 IST" name="productnames" finished-at="2023-01-09T21:45:20 IST" duration-ms="339" status="PASS">
          <reporter-output>
          </reporter-output>
        </test-method> <!-- productnames -->
        <test-method is-config="true" signature="logout()[pri:0, instance:com.ecommerce.SwagLabs.modules.TC_01@71ba6d4e]" started-at="2023-01-09T21:45:20 IST" name="logout" finished-at="2023-01-09T21:45:20 IST" duration-ms="244" status="PASS">
          <reporter-output>
          </reporter-output>
        </test-method> <!-- logout -->
        <test-method is-config="true" signature="closeBrowser()[pri:0, instance:com.ecommerce.SwagLabs.modules.TC_01@71ba6d4e]" started-at="2023-01-09T21:45:20 IST" name="closeBrowser" finished-at="2023-01-09T21:45:20 IST" duration-ms="309" status="PASS">
          <reporter-output>
          </reporter-output>
        </test-method> <!-- closeBrowser -->
      </class> <!-- com.ecommerce.SwagLabs.modules.TC_01 -->
    </test> <!-- Default test -->
  </suite> <!-- Default suite -->
</testng-results>
